2021/11/03 14:52:46 [notice] 1#1: using the "epoll" event method
2021/11/03 14:52:46 [notice] 1#1: nginx/1.21.3
2021/11/03 14:52:46 [notice] 1#1: built by gcc 8.3.0 (Debian 8.3.0-6) 
2021/11/03 14:52:46 [notice] 1#1: OS: Linux 5.4.0-89-generic
2021/11/03 14:52:46 [notice] 1#1: getrlimit(RLIMIT_NOFILE): 1048576:1048576
2021/11/03 14:52:46 [notice] 1#1: start worker processes
2021/11/03 14:52:46 [notice] 1#1: start worker process 32
2021/11/03 14:52:46 [notice] 1#1: start worker process 33
2021/11/03 14:54:03 [notice] 1#1: signal 1 (SIGHUP) received from 51, reconfiguring
2021/11/03 14:54:03 [notice] 1#1: reconfiguring
2021/11/03 14:54:03 [notice] 1#1: using the "epoll" event method
2021/11/03 14:54:03 [notice] 1#1: start worker processes
2021/11/03 14:54:03 [notice] 1#1: start worker process 52
2021/11/03 14:54:03 [notice] 1#1: start worker process 53
2021/11/03 14:54:04 [notice] 32#32: gracefully shutting down
2021/11/03 14:54:04 [notice] 33#33: gracefully shutting down
2021/11/03 14:54:04 [notice] 32#32: exiting
2021/11/03 14:54:04 [notice] 32#32: exit
2021/11/03 14:54:04 [notice] 33#33: exiting
2021/11/03 14:54:04 [notice] 33#33: exit
2021/11/03 14:54:04 [notice] 1#1: signal 17 (SIGCHLD) received from 32
2021/11/03 14:54:04 [notice] 1#1: worker process 32 exited with code 0
2021/11/03 14:54:04 [notice] 1#1: worker process 33 exited with code 0
2021/11/03 14:54:04 [notice] 1#1: signal 29 (SIGIO) received
2021/11/03 14:54:57 [notice] 1#1: signal 1 (SIGHUP) received from 96, reconfiguring
2021/11/03 14:54:57 [notice] 1#1: reconfiguring
2021/11/03 14:54:57 [notice] 53#53: gracefully shutting down
2021/11/03 14:54:57 [notice] 52#52: gracefully shutting down
2021/11/03 14:54:57 [notice] 53#53: exiting
2021/11/03 14:54:57 [notice] 52#52: exiting
2021/11/03 14:54:57 [notice] 53#53: exit
2021/11/03 14:54:57 [notice] 52#52: exit
2021/11/03 14:57:22 [alert] 1#1: unlink() "/run/nginx.pid" failed (2: No such file or directory)
2021/11/03 15:21:27 [emerg] 205#205: invalid number of arguments in "location" directive in /etc/nginx/conf.d/default.conf:29
2021/11/03 16:48:21 [emerg] 598#598: invalid number of arguments in "rewrite" directive in /etc/nginx/conf.d/default.conf:33
2021/11/25 09:29:47 [emerg] 1#1: unknown log format "upstream_time" in /etc/nginx/conf.d/default.conf:13
2021/11/25 09:29:49 [emerg] 1#1: unknown log format "upstream_time" in /etc/nginx/conf.d/default.conf:13
2021/11/25 09:29:50 [emerg] 1#1: unknown log format "upstream_time" in /etc/nginx/conf.d/default.conf:13
2021/11/25 09:29:51 [emerg] 1#1: unknown log format "upstream_time" in /etc/nginx/conf.d/default.conf:13
2021/11/25 09:29:52 [emerg] 1#1: unknown log format "upstream_time" in /etc/nginx/conf.d/default.conf:13
2021/11/25 09:29:55 [emerg] 1#1: unknown log format "upstream_time" in /etc/nginx/conf.d/default.conf:13
2021/11/25 09:29:58 [emerg] 1#1: unknown log format "upstream_time" in /etc/nginx/conf.d/default.conf:13
2021/11/25 09:30:06 [emerg] 1#1: unknown log format "upstream_time" in /etc/nginx/conf.d/default.conf:13
2021/11/25 09:30:20 [emerg] 1#1: unknown log format "upstream_time" in /etc/nginx/conf.d/default.conf:13
2021/11/25 09:30:46 [emerg] 1#1: unknown log format "upstream_time" in /etc/nginx/conf.d/default.conf:13
2021/11/25 09:41:52 [notice] 1#1: using the "epoll" event method
2021/11/25 09:41:52 [notice] 1#1: nginx/1.20.2
2021/11/25 09:41:52 [notice] 1#1: built by gcc 10.3.1 20210424 (Alpine 10.3.1_git20210424) 
2021/11/25 09:41:52 [notice] 1#1: OS: Linux 5.4.0-89-generic
2021/11/25 09:41:52 [notice] 1#1: getrlimit(RLIMIT_NOFILE): 1048576:1048576
2021/11/25 09:41:52 [notice] 1#1: start worker processes
2021/11/25 09:41:52 [notice] 1#1: start worker process 31
2021/11/25 09:41:52 [notice] 1#1: start worker process 32
2021/11/25 09:44:44 [notice] 1#1: signal 3 (SIGQUIT) received, shutting down
2021/11/25 09:44:44 [notice] 31#31: gracefully shutting down
2021/11/25 09:44:44 [notice] 31#31: exiting
2021/11/25 09:44:44 [notice] 31#31: exit
2021/11/25 09:44:44 [notice] 32#32: gracefully shutting down
2021/11/25 09:44:44 [notice] 32#32: exiting
2021/11/25 09:44:44 [notice] 32#32: exit
2021/11/25 09:44:44 [notice] 1#1: signal 17 (SIGCHLD) received from 31
2021/11/25 09:44:44 [notice] 1#1: worker process 31 exited with code 0
2021/11/25 09:44:44 [notice] 1#1: signal 29 (SIGIO) received
2021/11/25 09:44:44 [notice] 1#1: signal 17 (SIGCHLD) received from 32
2021/11/25 09:44:44 [notice] 1#1: worker process 32 exited with code 0
2021/11/25 09:44:44 [notice] 1#1: exit
